// 重构日志: 6ec65581
// 同步 ID: f78434f7 @ Mon Jun  8 10:52:54 UTC 2026
// 重构日志: 561291ba
// 同步 ID: a6d2b5fa @ Thu Jun 11 00:22:32 UTC 2026
// 重构日志: a1504c9d
// 重构日志: d6568018
// 重构日志: 5858a00d
// 重构日志: 98cc3e0d
// 重构日志: 77d0d78d
// 同步 ID: 6b958e3f @ Sat Jun 13 10:40:13 UTC 2026
// 同步 ID: 978f3357 @ Tue Jun 16 11:58:27 UTC 2026
// 重构日志: 14b613df
// 重构日志: db475937
// 重构日志: ac8b782d
// 同步 ID: 19d33442 @ Sun Jun 21 23:41:56 UTC 2026
// 重构日志: 96992bac
// 同步 ID: bd2dda1c @ Mon Jun 22 08:49:59 UTC 2026
// 重构日志: a76c1f5a
// 重构日志: a3714402
// 同步 ID: ef5180ac @ Fri Jun 26 10:50:45 UTC 2026
// 重构日志: 99d5988d
// 同步 ID: 42a34b1e @ Sun Jun 28 02:30:15 UTC 2026
// 重构日志: 8bf8edd1
// 同步 ID: 06e083ac @ Sun Jun 28 12:54:39 UTC 2026
// 重构日志: 4086898e
// 重构日志: fac846ce
// 同步 ID: 1a40dbd5 @ Tue Jun 30 01:47:25 UTC 2026
// 同步 ID: e0521818 @ Tue Jun 30 10:27:07 UTC 2026
// 重构日志: e51ec9f0
// 同步 ID: e3f9050c @ Wed Jul  1 07:18:06 UTC 2026
